01-31 16:42:14 com_github_MitjaNemec_ReplicateLayout.action_replicate_layout 312:Plugin executed on: 'win32'
01-31 16:42:14 com_github_MitjaNemec_ReplicateLayout.action_replicate_layout 313:Plugin executed with python version: '3.9.10 (main, Apr 30 2022, 01:39:58) [MSC v.1929 64 bit (AMD64)]'
01-31 16:42:14 com_github_MitjaNemec_ReplicateLayout.action_replicate_layout 314:KiCad build version: (6.0.5)
01-31 16:42:14 com_github_MitjaNemec_ReplicateLayout.action_replicate_layout 315:Plugin version: 1.2.2
01-31 16:42:14 com_github_MitjaNemec_ReplicateLayout.action_replicate_layout 316:Frame repr: <wx._core.Frame object at 0x000001F4800DE5E0>
01-31 16:42:14 com_github_MitjaNemec_ReplicateLayout.action_replicate_layout 340:Preparing replicator with T4 as a reference
01-31 16:42:14 com_github_MitjaNemec_ReplicateLayout.replicate_layout 106:getting a list of all footprints on board
01-31 16:42:14 com_github_MitjaNemec_ReplicateLayout.action_replicate_layout 364:source anchor footprint is 'T4'
Located on: ['H_bridge']
With filenames: ['H_bridge.kicad_sch']
With sheet_id:['H_bridge']
01-31 16:42:14 com_github_MitjaNemec_ReplicateLayout.action_replicate_layout 371:Corresponding footprints are 
[('T12', ['H_bridge2']), ('T4', ['H_bridge']), ('T24', ['H_bridge5']), ('T20', ['H_bridge4']), ('T28', ['H_bridge6']), ('T16', ['H_bridge3']), ('T8', ['H_bridge1'])]
01-31 16:42:14 com_github_MitjaNemec_ReplicateLayout.action_replicate_layout 383:Showing dialog
01-31 16:42:14 com_github_MitjaNemec_ReplicateLayout.replicate_layout 344:constructing a list of sheets suitable for replication on level:'H_bridge', file:'H_bridge.kicad_sch'
01-31 16:42:14 com_github_MitjaNemec_ReplicateLayout.replicate_layout 381:suitable sheets are:[['H_bridge1'], ['H_bridge2'], ['H_bridge3'], ['H_bridge4'], ['H_bridge5'], ['H_bridge6']]
01-31 16:42:15 com_github_MitjaNemec_ReplicateLayout.replicate_layout 1112:Level selected: ['H_bridge']
01-31 16:42:15 com_github_MitjaNemec_ReplicateLayout.action_replicate_layout 389:Toolbar position: wx.Point(2523, 80)
01-31 16:42:15 com_github_MitjaNemec_ReplicateLayout.action_replicate_layout 395:Dialog position: wx.Point(2159, 80)
01-31 16:42:21 com_github_MitjaNemec_ReplicateLayout.replicate_layout 344:constructing a list of sheets suitable for replication on level:'H_bridge', file:'H_bridge.kicad_sch'
01-31 16:42:21 com_github_MitjaNemec_ReplicateLayout.replicate_layout 381:suitable sheets are:[['H_bridge1'], ['H_bridge2'], ['H_bridge3'], ['H_bridge4'], ['H_bridge5'], ['H_bridge6']]
01-31 16:42:22 com_github_MitjaNemec_ReplicateLayout.replicate_layout 1112:Level selected: ['H_bridge']
01-31 16:42:34 com_github_MitjaNemec_ReplicateLayout.replicate_layout 344:constructing a list of sheets suitable for replication on level:'H_bridge', file:'H_bridge.kicad_sch'
01-31 16:42:34 com_github_MitjaNemec_ReplicateLayout.replicate_layout 381:suitable sheets are:[['H_bridge1'], ['H_bridge2'], ['H_bridge3'], ['H_bridge4'], ['H_bridge5'], ['H_bridge6']]
01-31 16:42:34 com_github_MitjaNemec_ReplicateLayout.action_replicate_layout 170:Replicating layout
01-31 16:42:34 com_github_MitjaNemec_ReplicateLayout.replicate_layout 154:Starting replication of sheets: [['H_bridge1'], ['H_bridge2'], ['H_bridge3'], ['H_bridge4'], ['H_bridge5'], ['H_bridge6']]
on level: ['H_bridge']
with tracks=False, zone=True, text=True, text=True, containing=True, remove=False, locked footprints=False, by_group=False
01-31 16:42:34 root 252:updating GUI message: 'Preparing for replication'
01-31 16:42:34 root 257:updating GUI with: 0
01-31 16:42:34 com_github_MitjaNemec_ReplicateLayout.replicate_layout 224:Getting the list of source footprints
01-31 16:42:34 com_github_MitjaNemec_ReplicateLayout.replicate_layout 239:Getting the list of all the remaining footprints
01-31 16:42:34 com_github_MitjaNemec_ReplicateLayout.replicate_layout 244:Getting nets local to source footprints
01-31 16:42:34 com_github_MitjaNemec_ReplicateLayout.replicate_layout 247:Getting source bounding box
01-31 16:42:34 com_github_MitjaNemec_ReplicateLayout.replicate_layout 251:Getting source tracks
01-31 16:42:34 com_github_MitjaNemec_ReplicateLayout.replicate_layout 266:Getting source zones
01-31 16:42:34 root 257:updating GUI with: 62
01-31 16:42:34 com_github_MitjaNemec_ReplicateLayout.replicate_layout 275:Getting source text items
01-31 16:42:34 com_github_MitjaNemec_ReplicateLayout.replicate_layout 284:Getting source drawing items
01-31 16:42:34 root 252:updating GUI message: 'Replicating footprints'
01-31 16:42:34 com_github_MitjaNemec_ReplicateLayout.replicate_layout 678:Replicating footprints
01-31 16:42:34 com_github_MitjaNemec_ReplicateLayout.replicate_layout 684:Replicating footprints on sheet ['H_bridge1']
01-31 16:42:34 root 257:updating GUI with: 16
01-31 16:42:34 com_github_MitjaNemec_ReplicateLayout.replicate_layout 684:Replicating footprints on sheet ['H_bridge2']
01-31 16:42:34 com_github_MitjaNemec_ReplicateLayout.replicate_layout 684:Replicating footprints on sheet ['H_bridge3']
01-31 16:42:34 root 257:updating GUI with: 34
01-31 16:42:34 com_github_MitjaNemec_ReplicateLayout.replicate_layout 684:Replicating footprints on sheet ['H_bridge4']
01-31 16:42:34 root 257:updating GUI with: 54
01-31 16:42:34 com_github_MitjaNemec_ReplicateLayout.replicate_layout 684:Replicating footprints on sheet ['H_bridge5']
01-31 16:42:34 root 257:updating GUI with: 74
01-31 16:42:34 com_github_MitjaNemec_ReplicateLayout.replicate_layout 684:Replicating footprints on sheet ['H_bridge6']
01-31 16:42:34 root 257:updating GUI with: 93
01-31 16:42:34 root 252:updating GUI message: 'Replicating zones'
01-31 16:42:34 com_github_MitjaNemec_ReplicateLayout.replicate_layout 909:Replicating zones
01-31 16:42:34 com_github_MitjaNemec_ReplicateLayout.replicate_layout 916:Replicating zones on sheet ['H_bridge1']
01-31 16:42:34 com_github_MitjaNemec_ReplicateLayout.replicate_layout 916:Replicating zones on sheet ['H_bridge2']
01-31 16:42:34 root 257:updating GUI with: 25
01-31 16:42:34 com_github_MitjaNemec_ReplicateLayout.replicate_layout 916:Replicating zones on sheet ['H_bridge3']
01-31 16:42:34 com_github_MitjaNemec_ReplicateLayout.replicate_layout 916:Replicating zones on sheet ['H_bridge4']
01-31 16:42:34 com_github_MitjaNemec_ReplicateLayout.replicate_layout 916:Replicating zones on sheet ['H_bridge5']
01-31 16:42:34 root 257:updating GUI with: 75
01-31 16:42:34 com_github_MitjaNemec_ReplicateLayout.replicate_layout 916:Replicating zones on sheet ['H_bridge6']
01-31 16:42:34 root 252:updating GUI message: 'Replicating text'
01-31 16:42:34 com_github_MitjaNemec_ReplicateLayout.replicate_layout 985:Replicating text
01-31 16:42:34 com_github_MitjaNemec_ReplicateLayout.replicate_layout 992:Replicating text on sheet ['H_bridge1']
01-31 16:42:34 com_github_MitjaNemec_ReplicateLayout.replicate_layout 992:Replicating text on sheet ['H_bridge2']
01-31 16:42:34 com_github_MitjaNemec_ReplicateLayout.replicate_layout 992:Replicating text on sheet ['H_bridge3']
01-31 16:42:34 com_github_MitjaNemec_ReplicateLayout.replicate_layout 992:Replicating text on sheet ['H_bridge4']
01-31 16:42:34 com_github_MitjaNemec_ReplicateLayout.replicate_layout 992:Replicating text on sheet ['H_bridge5']
01-31 16:42:34 com_github_MitjaNemec_ReplicateLayout.replicate_layout 992:Replicating text on sheet ['H_bridge6']
01-31 16:42:34 root 252:updating GUI message: 'Replicating drawings'
01-31 16:42:34 com_github_MitjaNemec_ReplicateLayout.replicate_layout 1032:Replicating drawings
01-31 16:42:34 com_github_MitjaNemec_ReplicateLayout.replicate_layout 1038:Replicating drawings on sheet ['H_bridge1']
01-31 16:42:34 com_github_MitjaNemec_ReplicateLayout.replicate_layout 1038:Replicating drawings on sheet ['H_bridge2']
01-31 16:42:34 com_github_MitjaNemec_ReplicateLayout.replicate_layout 1038:Replicating drawings on sheet ['H_bridge3']
01-31 16:42:34 com_github_MitjaNemec_ReplicateLayout.replicate_layout 1038:Replicating drawings on sheet ['H_bridge4']
01-31 16:42:34 com_github_MitjaNemec_ReplicateLayout.replicate_layout 1038:Replicating drawings on sheet ['H_bridge5']
01-31 16:42:34 com_github_MitjaNemec_ReplicateLayout.replicate_layout 1038:Replicating drawings on sheet ['H_bridge6']
01-31 16:42:38 com_github_MitjaNemec_ReplicateLayout.action_replicate_layout 190:Replication complete
